2019-12-19 18:30:58 Error: [MissingControllerException] Controller class ImgController could not be found.
Exception Attributes: array (
  'class' => 'ImgController',
  'plugin' => NULL,
)
Request URL: /img/clear.png
Stack Trace:
#0 C:\xampp\htdocs\DealsManagerApp\app\webroot\index.php(109): Dispatcher->dispatch(Object(CakeRequest), Object(CakeResponse))
#1 {main}
2019-12-19 18:30:58 Error: [MissingControllerException] Controller class ImgController could not be found.
Exception Attributes: array (
  'class' => 'ImgController',
  'plugin' => NULL,
)
Request URL: /img/loading.gif
Stack Trace:
#0 C:\xampp\htdocs\DealsManagerApp\app\webroot\index.php(109): Dispatcher->dispatch(Object(CakeRequest), Object(CakeResponse))
#1 {main}
2019-12-20 13:47:50 Error: [ParseError] syntax error, unexpected '?>', expecting ')'
Request URL: /
Stack Trace:
#0 C:\xampp\htdocs\DealsManagerApp\lib\Cake\View\View.php(933): View->_evaluate('C:\\xampp\\htdocs...', Array)
#1 C:\xampp\htdocs\DealsManagerApp\lib\Cake\View\View.php(473): View->_render('C:\\xampp\\htdocs...')
#2 C:\xampp\htdocs\DealsManagerApp\lib\Cake\Controller\Controller.php(968): View->render(NULL, NULL)
#3 C:\xampp\htdocs\DealsManagerApp\lib\Cake\Routing\Dispatcher.php(200): Controller->render()
#4 C:\xampp\htdocs\DealsManagerApp\lib\Cake\Routing\Dispatcher.php(167): Dispatcher->_invoke(Object(AdminsController), Object(CakeRequest))
#5 C:\xampp\htdocs\DealsManagerApp\app\webroot\index.php(109): Dispatcher->dispatch(Object(CakeRequest), Object(CakeResponse))
#6 {main}
2019-12-20 14:52:53 Error: [Error] Call to undefined function dd()
Request URL: /Sources/add
Stack Trace:
#0 [internal function]: SourcesController->add()
#1 C:\xampp\htdocs\DealsManagerApp\lib\Cake\Controller\Controller.php(499): ReflectionMethod->invokeArgs(Object(SourcesController), Array)
#2 C:\xampp\htdocs\DealsManagerApp\lib\Cake\Routing\Dispatcher.php(193): Controller->invokeAction(Object(CakeRequest))
#3 C:\xampp\htdocs\DealsManagerApp\lib\Cake\Routing\Dispatcher.php(167): Dispatcher->_invoke(Object(SourcesController), Object(CakeRequest))
#4 C:\xampp\htdocs\DealsManagerApp\app\webroot\index.php(109): Dispatcher->dispatch(Object(CakeRequest), Object(CakeResponse))
#5 {main}
2019-12-20 15:03:16 Error: [MissingControllerException] Controller class ImgController could not be found.
Exception Attributes: array (
  'class' => 'ImgController',
  'plugin' => NULL,
)
Request URL: /img/loading.gif
Stack Trace:
#0 C:\xampp\htdocs\DealsManagerApp\app\webroot\index.php(109): Dispatcher->dispatch(Object(CakeRequest), Object(CakeResponse))
#1 {main}
2019-12-20 15:03:16 Error: [MissingControllerException] Controller class ImgController could not be found.
Exception Attributes: array (
  'class' => 'ImgController',
  'plugin' => NULL,
)
Request URL: /img/clear.png
Stack Trace:
#0 C:\xampp\htdocs\DealsManagerApp\app\webroot\index.php(109): Dispatcher->dispatch(Object(CakeRequest), Object(CakeResponse))
#1 {main}
2019-12-20 15:05:12 Error: [MissingControllerException] Controller class ImgController could not be found.
Exception Attributes: array (
  'class' => 'ImgController',
  'plugin' => NULL,
)
Request URL: /img/loading.gif
Stack Trace:
#0 C:\xampp\htdocs\DealsManagerApp\app\webroot\index.php(109): Dispatcher->dispatch(Object(CakeRequest), Object(CakeResponse))
#1 {main}
2019-12-20 15:05:12 Error: [MissingControllerException] Controller class ImgController could not be found.
Exception Attributes: array (
  'class' => 'ImgController',
  'plugin' => NULL,
)
Request URL: /img/clear.png
Stack Trace:
#0 C:\xampp\htdocs\DealsManagerApp\app\webroot\index.php(109): Dispatcher->dispatch(Object(CakeRequest), Object(CakeResponse))
#1 {main}
2019-12-20 15:12:10 Error: [PDOException] SQLSTATE[42000]: Syntax error or access violation: 1064 You have an error in your SQL syntax; check the manual that corresponds to your MariaDB server version for the right syntax to use near 'getSourceImage' at line 1
Request URL: /Sources/add
Stack Trace:
#0 C:\xampp\htdocs\DealsManagerApp\lib\Cake\Model\Datasource\DboSource.php(502): PDOStatement->execute(Array)
#1 C:\xampp\htdocs\DealsManagerApp\lib\Cake\Model\Datasource\DboSource.php(468): DboSource->_execute('getSourceImage', Array)
#2 C:\xampp\htdocs\DealsManagerApp\lib\Cake\Model\Datasource\DboSource.php(715): DboSource->execute('getSourceImage', Array, Array)
#3 C:\xampp\htdocs\DealsManagerApp\lib\Cake\Model\Datasource\DboSource.php(648): DboSource->fetchAll('getSourceImage', Array, Array)
#4 C:\xampp\htdocs\DealsManagerApp\lib\Cake\Model\Model.php(834): DboSource->query('getSourceImage', Array, Object(Source))
#5 C:\xampp\htdocs\DealsManagerApp\app\Controller\SourcesController.php(89): Model->__call('getSourceImage', Array)
#6 [internal function]: SourcesController->add()
#7 C:\xampp\htdocs\DealsManagerApp\lib\Cake\Controller\Controller.php(499): ReflectionMethod->invokeArgs(Object(SourcesController), Array)
#8 C:\xampp\htdocs\DealsManagerApp\lib\Cake\Routing\Dispatcher.php(193): Controller->invokeAction(Object(CakeRequest))
#9 C:\xampp\htdocs\DealsManagerApp\lib\Cake\Routing\Dispatcher.php(167): Dispatcher->_invoke(Object(SourcesController), Object(CakeRequest))
#10 C:\xampp\htdocs\DealsManagerApp\app\webroot\index.php(109): Dispatcher->dispatch(Object(CakeRequest), Object(CakeResponse))
#11 {main}
2019-12-20 15:17:22 Error: [MissingControllerException] Controller class ImgController could not be found.
Exception Attributes: array (
  'class' => 'ImgController',
  'plugin' => NULL,
)
Request URL: /img/clear.png
Stack Trace:
#0 C:\xampp\htdocs\DealsManagerApp\app\webroot\index.php(109): Dispatcher->dispatch(Object(CakeRequest), Object(CakeResponse))
#1 {main}
2019-12-20 15:17:22 Error: [MissingControllerException] Controller class ImgController could not be found.
Exception Attributes: array (
  'class' => 'ImgController',
  'plugin' => NULL,
)
Request URL: /img/loading.gif
Stack Trace:
#0 C:\xampp\htdocs\DealsManagerApp\app\webroot\index.php(109): Dispatcher->dispatch(Object(CakeRequest), Object(CakeResponse))
#1 {main}
2019-12-20 15:26:47 Error: [MissingControllerException] Controller class ImgController could not be found.
Exception Attributes: array (
  'class' => 'ImgController',
  'plugin' => NULL,
)
Request URL: /img/source/user.png
Stack Trace:
#0 C:\xampp\htdocs\DealsManagerApp\app\webroot\index.php(109): Dispatcher->dispatch(Object(CakeRequest), Object(CakeResponse))
#1 {main}
2019-12-20 15:28:00 Error: [MissingControllerException] Controller class ImgController could not be found.
Exception Attributes: array (
  'class' => 'ImgController',
  'plugin' => NULL,
)
Request URL: /img/source/user.png
Stack Trace:
#0 C:\xampp\htdocs\DealsManagerApp\app\webroot\index.php(109): Dispatcher->dispatch(Object(CakeRequest), Object(CakeResponse))
#1 {main}
2019-12-20 15:28:33 Error: [MissingControllerException] Controller class ImgController could not be found.
Exception Attributes: array (
  'class' => 'ImgController',
  'plugin' => NULL,
)
Request URL: /img/source/user.png
Stack Trace:
#0 C:\xampp\htdocs\DealsManagerApp\app\webroot\index.php(109): Dispatcher->dispatch(Object(CakeRequest), Object(CakeResponse))
#1 {main}
2019-12-20 18:17:33 Error: [MissingControllerException] Controller class ImgController could not be found.
Exception Attributes: array (
  'class' => 'ImgController',
  'plugin' => NULL,
)
Request URL: /img/clear.png
Stack Trace:
#0 C:\xampp\htdocs\DealsManagerApp\app\webroot\index.php(109): Dispatcher->dispatch(Object(CakeRequest), Object(CakeResponse))
#1 {main}
2019-12-20 18:17:34 Error: [MissingControllerException] Controller class ImgController could not be found.
Exception Attributes: array (
  'class' => 'ImgController',
  'plugin' => NULL,
)
Request URL: /img/loading.gif
Stack Trace:
#0 C:\xampp\htdocs\DealsManagerApp\app\webroot\index.php(109): Dispatcher->dispatch(Object(CakeRequest), Object(CakeResponse))
#1 {main}
2019-12-20 19:01:11 Error: [ParseError] syntax error, unexpected '?>', expecting ')'
Request URL: /
Stack Trace:
#0 C:\xampp\htdocs\DealsManagerApp\lib\Cake\View\View.php(933): View->_evaluate('C:\\xampp\\htdocs...', Array)
#1 C:\xampp\htdocs\DealsManagerApp\lib\Cake\View\View.php(473): View->_render('C:\\xampp\\htdocs...')
#2 C:\xampp\htdocs\DealsManagerApp\lib\Cake\Controller\Controller.php(968): View->render(NULL, NULL)
#3 C:\xampp\htdocs\DealsManagerApp\lib\Cake\Routing\Dispatcher.php(200): Controller->render()
#4 C:\xampp\htdocs\DealsManagerApp\lib\Cake\Routing\Dispatcher.php(167): Dispatcher->_invoke(Object(AdminsController), Object(CakeRequest))
#5 C:\xampp\htdocs\DealsManagerApp\app\webroot\index.php(109): Dispatcher->dispatch(Object(CakeRequest), Object(CakeResponse))
#6 {main}
2019-12-21 02:02:48 Error: [MissingControllerException] Controller class SourcesCategoriesController could not be found.
Exception Attributes: array (
  'class' => 'SourcesCategoriesController',
  'plugin' => NULL,
)
Request URL: /sourcesCategories
Stack Trace:
#0 C:\xampp\htdocs\DealsManagerApp\app\webroot\index.php(109): Dispatcher->dispatch(Object(CakeRequest), Object(CakeResponse))
#1 {main}
2019-12-21 02:04:13 Error: [MissingControllerException] Controller class Sources-categoriesController could not be found.
Exception Attributes: array (
  'class' => 'Sources-categoriesController',
  'plugin' => NULL,
)
Request URL: /sources-categories
Stack Trace:
#0 C:\xampp\htdocs\DealsManagerApp\app\webroot\index.php(109): Dispatcher->dispatch(Object(CakeRequest), Object(CakeResponse))
#1 {main}
2019-12-21 02:04:15 Error: [MissingControllerException] Controller class Sources-categoriesController could not be found.
Exception Attributes: array (
  'class' => 'Sources-categoriesController',
  'plugin' => NULL,
)
Request URL: /sources-categories
Stack Trace:
#0 C:\xampp\htdocs\DealsManagerApp\app\webroot\index.php(109): Dispatcher->dispatch(Object(CakeRequest), Object(CakeResponse))
#1 {main}
2019-12-21 02:05:46 Error: [MissingControllerException] Controller class Sources-categoriesController could not be found.
Exception Attributes: array (
  'class' => 'Sources-categoriesController',
  'plugin' => NULL,
)
Request URL: /sources-categories
Stack Trace:
#0 C:\xampp\htdocs\DealsManagerApp\app\webroot\index.php(109): Dispatcher->dispatch(Object(CakeRequest), Object(CakeResponse))
#1 {main}
2019-12-21 02:06:52 Error: [MissingActionException] Action SourcesController::source-category() could not be found.
Exception Attributes: array (
  'controller' => 'SourcesController',
  'action' => 'source-category',
)
Request URL: /sources/source-category
Stack Trace:
#0 C:\xampp\htdocs\DealsManagerApp\lib\Cake\Routing\Dispatcher.php(193): Controller->invokeAction(Object(CakeRequest))
#1 C:\xampp\htdocs\DealsManagerApp\lib\Cake\Routing\Dispatcher.php(167): Dispatcher->_invoke(Object(SourcesController), Object(CakeRequest))
#2 C:\xampp\htdocs\DealsManagerApp\app\webroot\index.php(109): Dispatcher->dispatch(Object(CakeRequest), Object(CakeResponse))
#3 {main}
2019-12-21 02:06:56 Error: [MissingActionException] Action SourcesController::sources-category() could not be found.
Exception Attributes: array (
  'controller' => 'SourcesController',
  'action' => 'sources-category',
)
Request URL: /sources/sources-category
Stack Trace:
#0 C:\xampp\htdocs\DealsManagerApp\lib\Cake\Routing\Dispatcher.php(193): Controller->invokeAction(Object(CakeRequest))
#1 C:\xampp\htdocs\DealsManagerApp\lib\Cake\Routing\Dispatcher.php(167): Dispatcher->_invoke(Object(SourcesController), Object(CakeRequest))
#2 C:\xampp\htdocs\DealsManagerApp\app\webroot\index.php(109): Dispatcher->dispatch(Object(CakeRequest), Object(CakeResponse))
#3 {main}
2019-12-21 02:38:34 Error: [MissingControllerException] Controller class CategoriesController could not be found.
Exception Attributes: array (
  'class' => 'CategoriesController',
  'plugin' => NULL,
)
Request URL: /categories
Stack Trace:
#0 C:\xampp\htdocs\DealsManagerApp\app\webroot\index.php(109): Dispatcher->dispatch(Object(CakeRequest), Object(CakeResponse))
#1 {main}
2019-12-21 02:38:43 Error: [MissingControllerException] Controller class CategoriesController could not be found.
Exception Attributes: array (
  'class' => 'CategoriesController',
  'plugin' => NULL,
)
Request URL: /categories
Stack Trace:
#0 C:\xampp\htdocs\DealsManagerApp\app\webroot\index.php(109): Dispatcher->dispatch(Object(CakeRequest), Object(CakeResponse))
#1 {main}
2019-12-21 02:38:56 Error: [MissingControllerException] Controller class CategoriesController could not be found.
Exception Attributes: array (
  'class' => 'CategoriesController',
  'plugin' => NULL,
)
Request URL: /categories/index
Stack Trace:
#0 C:\xampp\htdocs\DealsManagerApp\app\webroot\index.php(109): Dispatcher->dispatch(Object(CakeRequest), Object(CakeResponse))
#1 {main}
2019-12-21 02:39:37 Error: [MissingControllerException] Controller class CategorysController could not be found.
Exception Attributes: array (
  'class' => 'CategorysController',
  'plugin' => NULL,
)
Request URL: /categorys
Stack Trace:
#0 C:\xampp\htdocs\DealsManagerApp\app\webroot\index.php(109): Dispatcher->dispatch(Object(CakeRequest), Object(CakeResponse))
#1 {main}
2019-12-21 02:39:41 Error: [MissingControllerException] Controller class CategoriesController could not be found.
Exception Attributes: array (
  'class' => 'CategoriesController',
  'plugin' => NULL,
)
Request URL: /categories
Stack Trace:
#0 C:\xampp\htdocs\DealsManagerApp\app\webroot\index.php(109): Dispatcher->dispatch(Object(CakeRequest), Object(CakeResponse))
#1 {main}
2019-12-21 17:08:28 Error: [MissingControllerException] Controller class CategoriesController could not be found.
Exception Attributes: array (
  'class' => 'CategoriesController',
  'plugin' => NULL,
)
Request URL: /categories
Stack Trace:
#0 C:\xampp\htdocs\DealsManagerApp\app\webroot\index.php(109): Dispatcher->dispatch(Object(CakeRequest), Object(CakeResponse))
#1 {main}
